<?xml version="1.0" encoding="UTF-8"?>
<testng-results skipped="2" failed="0" ignored="0" total="2" passed="0">
  <reporter-output>
  </reporter-output>
  <suite name="Default suite" duration-ms="5323" started-at="2021-06-08T08:27:37Z" finished-at="2021-06-08T08:27:43Z">
    <groups>
      <group name="cucumber">
        <method signature="AbstractTestNGCucumberTests.feature(cucumber.api.testng.CucumberFeatureWrapper)[pri:0, instance:commonUtils.TestRunner@66480dd7]" name="feature" class="cucumber.api.testng.AbstractTestNGCucumberTests"/>
      </group> <!-- cucumber -->
    </groups>
    <test name="Default test" duration-ms="5323" started-at="2021-06-08T08:27:37Z" finished-at="2021-06-08T08:27:43Z">
      <class name="commonUtils.TestRunner">
        <test-method status="PASS" signature="setUpClass()[pri:0, instance:commonUtils.TestRunner@66480dd7]" name="setUpClass" is-config="true" duration-ms="304" started-at="2021-06-08T08:27:37Z" finished-at="2021-06-08T08:27:38Z">
          <reporter-output>
          </reporter-output>
        </test-method> <!-- setUpClass -->
        <test-method status="FAIL" signature="application_Launch()[pri:0, instance:commonUtils.TestRunner@66480dd7]" name="application_Launch" is-config="true" duration-ms="4631" started-at="2021-06-08T08:27:38Z" finished-at="2021-06-08T08:27:42Z">
          <exception class="org.openqa.selenium.SessionNotCreatedException">
            <message>
              <![CDATA[session not created: This version of ChromeDriver only supports Chrome version 79
Build info: version: '3.12.0', revision: '7c6e0b3', time: '2018-05-08T14:04:26.12Z'
System info: host: 'LAPTOP-02H2H77P', ip: '192.168.29.123', os.name: 'Windows 10', os.arch: 'amd64', os.version: '10.0', java.version: '1.8.0_151'
Driver info: driver.version: ChromeDriver
remote stacktrace: Backtrace:
Ordinal0 [0x0117A113+1548563]
Ordinal0 [0x010FDDA1+1039777]
Ordinal0 [0x0107E485+517253]
Ordinal0 [0x0100FD34+64820]
Ordinal0 [0x0100C61E+50718]
Ordinal0 [0x0102B797+178071]
Ordinal0 [0x0102B59D+177565]
Ordinal0 [0x010295FB+169467]
Ordinal0 [0x0101160A+71178]
Ordinal0 [0x01012690+75408]
Ordinal0 [0x01012629+75305]
Ordinal0 [0x011171B7+1143223]
GetHandleVerifier [0x01212B46+507814]
GetHandleVerifier [0x01212864+507076]
GetHandleVerifier [0x01219F47+537511]
GetHandleVerifier [0x01213402+510050]
Ordinal0 [0x0110F29C+1110684]
Ordinal0 [0x0111938B+1151883]
Ordinal0 [0x011194F3+1152243]
Ordinal0 [0x011183F5+1147893]
BaseThreadInitThunk [0x753AFA29+25]
RtlGetAppContainerNamedObjectPath [0x773E7A7E+286]
RtlGetAppContainerNamedObjectPath [0x773E7A4E+238]
]]>
            </message>
            <full-stacktrace>
              <![CDATA[org.openqa.selenium.SessionNotCreatedException: session not created: This version of ChromeDriver only supports Chrome version 79
Build info: version: '3.12.0', revision: '7c6e0b3', time: '2018-05-08T14:04:26.12Z'
System info: host: 'LAPTOP-02H2H77P', ip: '192.168.29.123', os.name: 'Windows 10', os.arch: 'amd64', os.version: '10.0', java.version: '1.8.0_151'
Driver info: driver.version: ChromeDriver
remote stacktrace: Backtrace:
Ordinal0 [0x0117A113+1548563]
Ordinal0 [0x010FDDA1+1039777]
Ordinal0 [0x0107E485+517253]
Ordinal0 [0x0100FD34+64820]
Ordinal0 [0x0100C61E+50718]
Ordinal0 [0x0102B797+178071]
Ordinal0 [0x0102B59D+177565]
Ordinal0 [0x010295FB+169467]
Ordinal0 [0x0101160A+71178]
Ordinal0 [0x01012690+75408]
Ordinal0 [0x01012629+75305]
Ordinal0 [0x011171B7+1143223]
GetHandleVerifier [0x01212B46+507814]
GetHandleVerifier [0x01212864+507076]
GetHandleVerifier [0x01219F47+537511]
GetHandleVerifier [0x01213402+510050]
Ordinal0 [0x0110F29C+1110684]
Ordinal0 [0x0111938B+1151883]
Ordinal0 [0x011194F3+1152243]
Ordinal0 [0x011183F5+1147893]
BaseThreadInitThunk [0x753AFA29+25]
RtlGetAppContainerNamedObjectPath [0x773E7A7E+286]
RtlGetAppContainerNamedObjectPath [0x773E7A4E+238]

at sun.reflect.NativeConstructorAccessorImpl.newInstance0(Native Method)
at sun.reflect.NativeConstructorAccessorImpl.newInstance(Unknown Source)
at sun.reflect.DelegatingConstructorAccessorImpl.newInstance(Unknown Source)
at java.lang.reflect.Constructor.newInstance(Unknown Source)
at org.openqa.selenium.remote.W3CHandshakeResponse.lambda$new$0(W3CHandshakeResponse.java:57)
at org.openqa.selenium.remote.W3CHandshakeResponse.lambda$getResponseFunction$2(W3CHandshakeResponse.java:104)
at org.openqa.selenium.remote.ProtocolHandshake.lambda$createSession$0(ProtocolHandshake.java:123)
at java.util.stream.ReferencePipeline$3$1.accept(Unknown Source)
at java.util.Spliterators$ArraySpliterator.tryAdvance(Unknown Source)
at java.util.stream.ReferencePipeline.forEachWithCancel(Unknown Source)
at java.util.stream.AbstractPipeline.copyIntoWithCancel(Unknown Source)
at java.util.stream.AbstractPipeline.copyInto(Unknown Source)
at java.util.stream.AbstractPipeline.wrapAndCopyInto(Unknown Source)
at java.util.stream.FindOps$FindOp.evaluateSequential(Unknown Source)
at java.util.stream.AbstractPipeline.evaluate(Unknown Source)
at java.util.stream.ReferencePipeline.findFirst(Unknown Source)
at org.openqa.selenium.remote.ProtocolHandshake.createSession(ProtocolHandshake.java:126)
at org.openqa.selenium.remote.ProtocolHandshake.createSession(ProtocolHandshake.java:73)
at org.openqa.selenium.remote.HttpCommandExecutor.execute(HttpCommandExecutor.java:136)
at org.openqa.selenium.remote.service.DriverCommandExecutor.execute(DriverCommandExecutor.java:83)
at org.openqa.selenium.remote.RemoteWebDriver.execute(RemoteWebDriver.java:543)
at org.openqa.selenium.remote.RemoteWebDriver.startSession(RemoteWebDriver.java:207)
at org.openqa.selenium.remote.RemoteWebDriver.<init>(RemoteWebDriver.java:130)
at org.openqa.selenium.chrome.ChromeDriver.<init>(ChromeDriver.java:181)
at org.openqa.selenium.chrome.ChromeDriver.<init>(ChromeDriver.java:168)
at org.openqa.selenium.chrome.ChromeDriver.<init>(ChromeDriver.java:123)
at commonUtils.BaseTest.getChromeInstance(BaseTest.java:34)
at commonUtils.BaseTest.getBrowser(BaseTest.java:23)
at commonUtils.TestRunner.application_Launch(TestRunner.java:31)
at sun.reflect.NativeMethodAccessorImpl.invoke0(Native Method)
at sun.reflect.NativeMethodAccessorImpl.invoke(Unknown Source)
at sun.reflect.DelegatingMethodAccessorImpl.invoke(Unknown Source)
at java.lang.reflect.Method.invoke(Unknown Source)
at org.testng.internal.MethodInvocationHelper.invokeMethod(MethodInvocationHelper.java:124)
at org.testng.internal.MethodInvocationHelper.invokeMethodConsideringTimeout(MethodInvocationHelper.java:59)
at org.testng.internal.Invoker.invokeConfigurationMethod(Invoker.java:458)
at org.testng.internal.Invoker.invokeConfigurations(Invoker.java:222)
at org.testng.internal.Invoker.invokeConfigurations(Invoker.java:142)
at org.testng.internal.TestMethodWorker.invokeBeforeClassMethods(TestMethodWorker.java:168)
at org.testng.internal.TestMethodWorker.run(TestMethodWorker.java:105)
at org.testng.TestRunner.privateRun(TestRunner.java:648)
at org.testng.TestRunner.run(TestRunner.java:505)
at org.testng.SuiteRunner.runTest(SuiteRunner.java:455)
at org.testng.SuiteRunner.runSequentially(SuiteRunner.java:450)
at org.testng.SuiteRunner.privateRun(SuiteRunner.java:415)
at org.testng.SuiteRunner.run(SuiteRunner.java:364)
at org.testng.SuiteRunnerWorker.runSuite(SuiteRunnerWorker.java:52)
at org.testng.SuiteRunnerWorker.run(SuiteRunnerWorker.java:84)
at org.testng.TestNG.runSuitesSequentially(TestNG.java:1208)
at org.testng.TestNG.runSuitesLocally(TestNG.java:1137)
at org.testng.TestNG.runSuites(TestNG.java:1049)
at org.testng.TestNG.run(TestNG.java:1017)
at org.testng.remote.AbstractRemoteTestNG.run(AbstractRemoteTestNG.java:115)
at org.testng.remote.RemoteTestNG.initAndRun(RemoteTestNG.java:251)
at org.testng.remote.RemoteTestNG.main(RemoteTestNG.java:77)
]]>
            </full-stacktrace>
          </exception> <!-- org.openqa.selenium.SessionNotCreatedException -->
          <reporter-output>
          </reporter-output>
        </test-method> <!-- application_Launch -->
        <test-method status="SKIP" signature="feature(cucumber.api.testng.CucumberFeatureWrapper)[pri:0, instance:commonUtils.TestRunner@66480dd7]" name="feature" duration-ms="0" started-at="2021-06-08T08:27:42Z" description="Runs Cucumber Feature" data-provider="features" finished-at="2021-06-08T08:27:42Z">
          <exception class="org.openqa.selenium.SessionNotCreatedException">
            <message>
              <![CDATA[session not created: This version of ChromeDriver only supports Chrome version 79
Build info: version: '3.12.0', revision: '7c6e0b3', time: '2018-05-08T14:04:26.12Z'
System info: host: 'LAPTOP-02H2H77P', ip: '192.168.29.123', os.name: 'Windows 10', os.arch: 'amd64', os.version: '10.0', java.version: '1.8.0_151'
Driver info: driver.version: ChromeDriver
remote stacktrace: Backtrace:
Ordinal0 [0x0117A113+1548563]
Ordinal0 [0x010FDDA1+1039777]
Ordinal0 [0x0107E485+517253]
Ordinal0 [0x0100FD34+64820]
Ordinal0 [0x0100C61E+50718]
Ordinal0 [0x0102B797+178071]
Ordinal0 [0x0102B59D+177565]
Ordinal0 [0x010295FB+169467]
Ordinal0 [0x0101160A+71178]
Ordinal0 [0x01012690+75408]
Ordinal0 [0x01012629+75305]
Ordinal0 [0x011171B7+1143223]
GetHandleVerifier [0x01212B46+507814]
GetHandleVerifier [0x01212864+507076]
GetHandleVerifier [0x01219F47+537511]
GetHandleVerifier [0x01213402+510050]
Ordinal0 [0x0110F29C+1110684]
Ordinal0 [0x0111938B+1151883]
Ordinal0 [0x011194F3+1152243]
Ordinal0 [0x011183F5+1147893]
BaseThreadInitThunk [0x753AFA29+25]
RtlGetAppContainerNamedObjectPath [0x773E7A7E+286]
RtlGetAppContainerNamedObjectPath [0x773E7A4E+238]
]]>
            </message>
            <full-stacktrace>
              <![CDATA[org.openqa.selenium.SessionNotCreatedException: session not created: This version of ChromeDriver only supports Chrome version 79
Build info: version: '3.12.0', revision: '7c6e0b3', time: '2018-05-08T14:04:26.12Z'
System info: host: 'LAPTOP-02H2H77P', ip: '192.168.29.123', os.name: 'Windows 10', os.arch: 'amd64', os.version: '10.0', java.version: '1.8.0_151'
Driver info: driver.version: ChromeDriver
remote stacktrace: Backtrace:
Ordinal0 [0x0117A113+1548563]
Ordinal0 [0x010FDDA1+1039777]
Ordinal0 [0x0107E485+517253]
Ordinal0 [0x0100FD34+64820]
Ordinal0 [0x0100C61E+50718]
Ordinal0 [0x0102B797+178071]
Ordinal0 [0x0102B59D+177565]
Ordinal0 [0x010295FB+169467]
Ordinal0 [0x0101160A+71178]
Ordinal0 [0x01012690+75408]
Ordinal0 [0x01012629+75305]
Ordinal0 [0x011171B7+1143223]
GetHandleVerifier [0x01212B46+507814]
GetHandleVerifier [0x01212864+507076]
GetHandleVerifier [0x01219F47+537511]
GetHandleVerifier [0x01213402+510050]
Ordinal0 [0x0110F29C+1110684]
Ordinal0 [0x0111938B+1151883]
Ordinal0 [0x011194F3+1152243]
Ordinal0 [0x011183F5+1147893]
BaseThreadInitThunk [0x753AFA29+25]
RtlGetAppContainerNamedObjectPath [0x773E7A7E+286]
RtlGetAppContainerNamedObjectPath [0x773E7A4E+238]

at sun.reflect.NativeConstructorAccessorImpl.newInstance0(Native Method)
at sun.reflect.NativeConstructorAccessorImpl.newInstance(Unknown Source)
at sun.reflect.DelegatingConstructorAccessorImpl.newInstance(Unknown Source)
at java.lang.reflect.Constructor.newInstance(Unknown Source)
at org.openqa.selenium.remote.W3CHandshakeResponse.lambda$new$0(W3CHandshakeResponse.java:57)
at org.openqa.selenium.remote.W3CHandshakeResponse.lambda$getResponseFunction$2(W3CHandshakeResponse.java:104)
at org.openqa.selenium.remote.ProtocolHandshake.lambda$createSession$0(ProtocolHandshake.java:123)
at java.util.stream.ReferencePipeline$3$1.accept(Unknown Source)
at java.util.Spliterators$ArraySpliterator.tryAdvance(Unknown Source)
at java.util.stream.ReferencePipeline.forEachWithCancel(Unknown Source)
at java.util.stream.AbstractPipeline.copyIntoWithCancel(Unknown Source)
at java.util.stream.AbstractPipeline.copyInto(Unknown Source)
at java.util.stream.AbstractPipeline.wrapAndCopyInto(Unknown Source)
at java.util.stream.FindOps$FindOp.evaluateSequential(Unknown Source)
at java.util.stream.AbstractPipeline.evaluate(Unknown Source)
at java.util.stream.ReferencePipeline.findFirst(Unknown Source)
at org.openqa.selenium.remote.ProtocolHandshake.createSession(ProtocolHandshake.java:126)
at org.openqa.selenium.remote.ProtocolHandshake.createSession(ProtocolHandshake.java:73)
at org.openqa.selenium.remote.HttpCommandExecutor.execute(HttpCommandExecutor.java:136)
at org.openqa.selenium.remote.service.DriverCommandExecutor.execute(DriverCommandExecutor.java:83)
at org.openqa.selenium.remote.RemoteWebDriver.execute(RemoteWebDriver.java:543)
at org.openqa.selenium.remote.RemoteWebDriver.startSession(RemoteWebDriver.java:207)
at org.openqa.selenium.remote.RemoteWebDriver.<init>(RemoteWebDriver.java:130)
at org.openqa.selenium.chrome.ChromeDriver.<init>(ChromeDriver.java:181)
at org.openqa.selenium.chrome.ChromeDriver.<init>(ChromeDriver.java:168)
at org.openqa.selenium.chrome.ChromeDriver.<init>(ChromeDriver.java:123)
at commonUtils.BaseTest.getChromeInstance(BaseTest.java:34)
at commonUtils.BaseTest.getBrowser(BaseTest.java:23)
at commonUtils.TestRunner.application_Launch(TestRunner.java:31)
at sun.reflect.NativeMethodAccessorImpl.invoke0(Native Method)
at sun.reflect.NativeMethodAccessorImpl.invoke(Unknown Source)
at sun.reflect.DelegatingMethodAccessorImpl.invoke(Unknown Source)
at java.lang.reflect.Method.invoke(Unknown Source)
at org.testng.internal.MethodInvocationHelper.invokeMethod(MethodInvocationHelper.java:124)
at org.testng.internal.MethodInvocationHelper.invokeMethodConsideringTimeout(MethodInvocationHelper.java:59)
at org.testng.internal.Invoker.invokeConfigurationMethod(Invoker.java:458)
at org.testng.internal.Invoker.invokeConfigurations(Invoker.java:222)
at org.testng.internal.Invoker.invokeConfigurations(Invoker.java:142)
at org.testng.internal.TestMethodWorker.invokeBeforeClassMethods(TestMethodWorker.java:168)
at org.testng.internal.TestMethodWorker.run(TestMethodWorker.java:105)
at org.testng.TestRunner.privateRun(TestRunner.java:648)
at org.testng.TestRunner.run(TestRunner.java:505)
at org.testng.SuiteRunner.runTest(SuiteRunner.java:455)
at org.testng.SuiteRunner.runSequentially(SuiteRunner.java:450)
at org.testng.SuiteRunner.privateRun(SuiteRunner.java:415)
at org.testng.SuiteRunner.run(SuiteRunner.java:364)
at org.testng.SuiteRunnerWorker.runSuite(SuiteRunnerWorker.java:52)
at org.testng.SuiteRunnerWorker.run(SuiteRunnerWorker.java:84)
at org.testng.TestNG.runSuitesSequentially(TestNG.java:1208)
at org.testng.TestNG.runSuitesLocally(TestNG.java:1137)
at org.testng.TestNG.runSuites(TestNG.java:1049)
at org.testng.TestNG.run(TestNG.java:1017)
at org.testng.remote.AbstractRemoteTestNG.run(AbstractRemoteTestNG.java:115)
at org.testng.remote.RemoteTestNG.initAndRun(RemoteTestNG.java:251)
at org.testng.remote.RemoteTestNG.main(RemoteTestNG.java:77)
]]>
            </full-stacktrace>
          </exception> <!-- org.openqa.selenium.SessionNotCreatedException -->
          <reporter-output>
          </reporter-output>
        </test-method> <!-- feature -->
        <test-method status="SKIP" signature="tearDown()[pri:0, instance:commonUtils.TestRunner@66480dd7]" name="tearDown" is-config="true" duration-ms="0" started-at="2021-06-08T08:27:42Z" finished-at="2021-06-08T08:27:42Z">
          <reporter-output>
          </reporter-output>
        </test-method> <!-- tearDown -->
        <test-method status="SKIP" signature="feature(cucumber.api.testng.CucumberFeatureWrapper)[pri:0, instance:commonUtils.TestRunner@66480dd7]" name="feature" duration-ms="0" started-at="2021-06-08T08:27:42Z" description="Runs Cucumber Feature" data-provider="features" finished-at="2021-06-08T08:27:42Z">
          <exception class="org.openqa.selenium.SessionNotCreatedException">
            <message>
              <![CDATA[session not created: This version of ChromeDriver only supports Chrome version 79
Build info: version: '3.12.0', revision: '7c6e0b3', time: '2018-05-08T14:04:26.12Z'
System info: host: 'LAPTOP-02H2H77P', ip: '192.168.29.123', os.name: 'Windows 10', os.arch: 'amd64', os.version: '10.0', java.version: '1.8.0_151'
Driver info: driver.version: ChromeDriver
remote stacktrace: Backtrace:
Ordinal0 [0x0117A113+1548563]
Ordinal0 [0x010FDDA1+1039777]
Ordinal0 [0x0107E485+517253]
Ordinal0 [0x0100FD34+64820]
Ordinal0 [0x0100C61E+50718]
Ordinal0 [0x0102B797+178071]
Ordinal0 [0x0102B59D+177565]
Ordinal0 [0x010295FB+169467]
Ordinal0 [0x0101160A+71178]
Ordinal0 [0x01012690+75408]
Ordinal0 [0x01012629+75305]
Ordinal0 [0x011171B7+1143223]
GetHandleVerifier [0x01212B46+507814]
GetHandleVerifier [0x01212864+507076]
GetHandleVerifier [0x01219F47+537511]
GetHandleVerifier [0x01213402+510050]
Ordinal0 [0x0110F29C+1110684]
Ordinal0 [0x0111938B+1151883]
Ordinal0 [0x011194F3+1152243]
Ordinal0 [0x011183F5+1147893]
BaseThreadInitThunk [0x753AFA29+25]
RtlGetAppContainerNamedObjectPath [0x773E7A7E+286]
RtlGetAppContainerNamedObjectPath [0x773E7A4E+238]
]]>
            </message>
            <full-stacktrace>
              <![CDATA[org.openqa.selenium.SessionNotCreatedException: session not created: This version of ChromeDriver only supports Chrome version 79
Build info: version: '3.12.0', revision: '7c6e0b3', time: '2018-05-08T14:04:26.12Z'
System info: host: 'LAPTOP-02H2H77P', ip: '192.168.29.123', os.name: 'Windows 10', os.arch: 'amd64', os.version: '10.0', java.version: '1.8.0_151'
Driver info: driver.version: ChromeDriver
remote stacktrace: Backtrace:
Ordinal0 [0x0117A113+1548563]
Ordinal0 [0x010FDDA1+1039777]
Ordinal0 [0x0107E485+517253]
Ordinal0 [0x0100FD34+64820]
Ordinal0 [0x0100C61E+50718]
Ordinal0 [0x0102B797+178071]
Ordinal0 [0x0102B59D+177565]
Ordinal0 [0x010295FB+169467]
Ordinal0 [0x0101160A+71178]
Ordinal0 [0x01012690+75408]
Ordinal0 [0x01012629+75305]
Ordinal0 [0x011171B7+1143223]
GetHandleVerifier [0x01212B46+507814]
GetHandleVerifier [0x01212864+507076]
GetHandleVerifier [0x01219F47+537511]
GetHandleVerifier [0x01213402+510050]
Ordinal0 [0x0110F29C+1110684]
Ordinal0 [0x0111938B+1151883]
Ordinal0 [0x011194F3+1152243]
Ordinal0 [0x011183F5+1147893]
BaseThreadInitThunk [0x753AFA29+25]
RtlGetAppContainerNamedObjectPath [0x773E7A7E+286]
RtlGetAppContainerNamedObjectPath [0x773E7A4E+238]

at sun.reflect.NativeConstructorAccessorImpl.newInstance0(Native Method)
at sun.reflect.NativeConstructorAccessorImpl.newInstance(Unknown Source)
at sun.reflect.DelegatingConstructorAccessorImpl.newInstance(Unknown Source)
at java.lang.reflect.Constructor.newInstance(Unknown Source)
at org.openqa.selenium.remote.W3CHandshakeResponse.lambda$new$0(W3CHandshakeResponse.java:57)
at org.openqa.selenium.remote.W3CHandshakeResponse.lambda$getResponseFunction$2(W3CHandshakeResponse.java:104)
at org.openqa.selenium.remote.ProtocolHandshake.lambda$createSession$0(ProtocolHandshake.java:123)
at java.util.stream.ReferencePipeline$3$1.accept(Unknown Source)
at java.util.Spliterators$ArraySpliterator.tryAdvance(Unknown Source)
at java.util.stream.ReferencePipeline.forEachWithCancel(Unknown Source)
at java.util.stream.AbstractPipeline.copyIntoWithCancel(Unknown Source)
at java.util.stream.AbstractPipeline.copyInto(Unknown Source)
at java.util.stream.AbstractPipeline.wrapAndCopyInto(Unknown Source)
at java.util.stream.FindOps$FindOp.evaluateSequential(Unknown Source)
at java.util.stream.AbstractPipeline.evaluate(Unknown Source)
at java.util.stream.ReferencePipeline.findFirst(Unknown Source)
at org.openqa.selenium.remote.ProtocolHandshake.createSession(ProtocolHandshake.java:126)
at org.openqa.selenium.remote.ProtocolHandshake.createSession(ProtocolHandshake.java:73)
at org.openqa.selenium.remote.HttpCommandExecutor.execute(HttpCommandExecutor.java:136)
at org.openqa.selenium.remote.service.DriverCommandExecutor.execute(DriverCommandExecutor.java:83)
at org.openqa.selenium.remote.RemoteWebDriver.execute(RemoteWebDriver.java:543)
at org.openqa.selenium.remote.RemoteWebDriver.startSession(RemoteWebDriver.java:207)
at org.openqa.selenium.remote.RemoteWebDriver.<init>(RemoteWebDriver.java:130)
at org.openqa.selenium.chrome.ChromeDriver.<init>(ChromeDriver.java:181)
at org.openqa.selenium.chrome.ChromeDriver.<init>(ChromeDriver.java:168)
at org.openqa.selenium.chrome.ChromeDriver.<init>(ChromeDriver.java:123)
at commonUtils.BaseTest.getChromeInstance(BaseTest.java:34)
at commonUtils.BaseTest.getBrowser(BaseTest.java:23)
at commonUtils.TestRunner.application_Launch(TestRunner.java:31)
at sun.reflect.NativeMethodAccessorImpl.invoke0(Native Method)
at sun.reflect.NativeMethodAccessorImpl.invoke(Unknown Source)
at sun.reflect.DelegatingMethodAccessorImpl.invoke(Unknown Source)
at java.lang.reflect.Method.invoke(Unknown Source)
at org.testng.internal.MethodInvocationHelper.invokeMethod(MethodInvocationHelper.java:124)
at org.testng.internal.MethodInvocationHelper.invokeMethodConsideringTimeout(MethodInvocationHelper.java:59)
at org.testng.internal.Invoker.invokeConfigurationMethod(Invoker.java:458)
at org.testng.internal.Invoker.invokeConfigurations(Invoker.java:222)
at org.testng.internal.Invoker.invokeConfigurations(Invoker.java:142)
at org.testng.internal.TestMethodWorker.invokeBeforeClassMethods(TestMethodWorker.java:168)
at org.testng.internal.TestMethodWorker.run(TestMethodWorker.java:105)
at org.testng.TestRunner.privateRun(TestRunner.java:648)
at org.testng.TestRunner.run(TestRunner.java:505)
at org.testng.SuiteRunner.runTest(SuiteRunner.java:455)
at org.testng.SuiteRunner.runSequentially(SuiteRunner.java:450)
at org.testng.SuiteRunner.privateRun(SuiteRunner.java:415)
at org.testng.SuiteRunner.run(SuiteRunner.java:364)
at org.testng.SuiteRunnerWorker.runSuite(SuiteRunnerWorker.java:52)
at org.testng.SuiteRunnerWorker.run(SuiteRunnerWorker.java:84)
at org.testng.TestNG.runSuitesSequentially(TestNG.java:1208)
at org.testng.TestNG.runSuitesLocally(TestNG.java:1137)
at org.testng.TestNG.runSuites(TestNG.java:1049)
at org.testng.TestNG.run(TestNG.java:1017)
at org.testng.remote.AbstractRemoteTestNG.run(AbstractRemoteTestNG.java:115)
at org.testng.remote.RemoteTestNG.initAndRun(RemoteTestNG.java:251)
at org.testng.remote.RemoteTestNG.main(RemoteTestNG.java:77)
]]>
            </full-stacktrace>
          </exception> <!-- org.openqa.selenium.SessionNotCreatedException -->
          <reporter-output>
          </reporter-output>
        </test-method> <!-- feature -->
        <test-method status="SKIP" signature="writeExtentReport()[pri:0, instance:commonUtils.TestRunner@66480dd7]" name="writeExtentReport" is-config="true" duration-ms="0" started-at="2021-06-08T08:27:42Z" finished-at="2021-06-08T08:27:42Z">
          <reporter-output>
          </reporter-output>
        </test-method> <!-- writeExtentReport -->
        <test-method status="PASS" signature="tearDownClass()[pri:0, instance:commonUtils.TestRunner@66480dd7]" name="tearDownClass" is-config="true" duration-ms="212" started-at="2021-06-08T08:27:42Z" finished-at="2021-06-08T08:27:43Z">
          <reporter-output>
          </reporter-output>
        </test-method> <!-- tearDownClass -->
      </class> <!-- commonUtils.TestRunner -->
    </test> <!-- Default test -->
  </suite> <!-- Default suite -->
</testng-results>
